Sending Logstash logs to /var/log/logstash which is now configured via log4j2.properties
2020-08-28 02:08:26,264 main ERROR Unable to create file /var/log/logstash/logstash-slowlog-plain.log java.io.IOException: Permission denied
	at java.io.UnixFileSystem.createFileExclusively(Native Method)
	at java.io.File.createNewFile(File.java:1012)
	at org.apache.logging.log4j.core.appender.rolling.RollingFileManager$RollingFileManagerFactory.createManager(RollingFileManager.java:628)
	at org.apache.logging.log4j.core.appender.rolling.RollingFileManager$RollingFileManagerFactory.createManager(RollingFileManager.java:608)
	at org.apache.logging.log4j.core.appender.AbstractManager.getManager(AbstractManager.java:113)
	at org.apache.logging.log4j.core.appender.OutputStreamManager.getManager(OutputStreamManager.java:114)
	at org.apache.logging.log4j.core.appender.rolling.RollingFileManager.getFileManager(RollingFileManager.java:188)
	at org.apache.logging.log4j.core.appender.RollingFileAppender$Builder.build(RollingFileAppender.java:145)
	at org.apache.logging.log4j.core.appender.RollingFileAppender$Builder.build(RollingFileAppender.java:61)
	at org.apache.logging.log4j.core.config.plugins.util.PluginBuilder.build(PluginBuilder.java:123)
	at org.apache.logging.log4j.core.config.AbstractConfiguration.createPluginObject(AbstractConfiguration.java:959)
	at org.apache.logging.log4j.core.config.AbstractConfiguration.createConfiguration(AbstractConfiguration.java:899)
	at org.apache.logging.log4j.core.config.AbstractConfiguration.createConfiguration(AbstractConfiguration.java:891)
	at org.apache.logging.log4j.core.config.AbstractConfiguration.doConfigure(AbstractConfiguration.java:514)
	at org.apache.logging.log4j.core.config.AbstractConfiguration.initialize(AbstractConfiguration.java:238)
	at org.apache.logging.log4j.core.config.AbstractConfiguration.start(AbstractConfiguration.java:250)
	at org.apache.logging.log4j.core.LoggerContext.setConfiguration(LoggerContext.java:547)
	at org.apache.logging.log4j.core.LoggerContext.reconfigure(LoggerContext.java:619)
	at org.apache.logging.log4j.core.LoggerContext.setConfigLocation(LoggerContext.java:605)
	at org.logstash.log.LoggerExt.reconfigure(LoggerExt.java:160)
	at org.logstash.log.LoggerExt$INVOKER$s$1$0$reconfigure.call(LoggerExt$INVOKER$s$1$0$reconfigure.gen)
	at org.jruby.internal.runtime.methods.JavaMethod$JavaMethodN.call(JavaMethod.java:833)
	at org.jruby.ir.targets.InvokeSite.invoke(InvokeSite.java:183)
	at opt.logstash.logstash_minus_core.lib.logstash.runner.RUBY$method$execute$0(/opt/logstash/logstash-core/lib/logstash/runner.rb:262)
	at opt.logstash.logstash_minus_core.lib.logstash.runner.RUBY$method$execute$0$__VARARGS__(/opt/logstash/logstash-core/lib/logstash/runner.rb)
	at org.jruby.internal.runtime.methods.CompiledIRMethod.call(CompiledIRMethod.java:91)
	at org.jruby.internal.runtime.methods.MixedModeIRMethod.call(MixedModeIRMethod.java:90)
	at org.jruby.ir.targets.InvokeSite.invoke(InvokeSite.java:183)
	at opt.logstash.vendor.bundle.jruby.$2_dot_5_dot_0.gems.clamp_minus_0_dot_6_dot_5.lib.clamp.command.RUBY$method$run$0(/opt/logstash/vendor/bundle/jruby/2.5.0/gems/clamp-0.6.5/lib/clamp/command.rb:67)
	at opt.logstash.vendor.bundle.jruby.$2_dot_5_dot_0.gems.clamp_minus_0_dot_6_dot_5.lib.clamp.command.RUBY$method$run$0$__VARARGS__(/opt/logstash/vendor/bundle/jruby/2.5.0/gems/clamp-0.6.5/lib/clamp/command.rb)
	at org.jruby.internal.runtime.methods.CompiledIRMethod.call(CompiledIRMethod.java:91)
	at org.jruby.internal.runtime.methods.MixedModeIRMethod.call(MixedModeIRMethod.java:90)
	at org.jruby.ir.runtime.IRRuntimeHelpers.instanceSuper(IRRuntimeHelpers.java:1156)
	at org.jruby.ir.runtime.IRRuntimeHelpers.instanceSuperSplatArgs(IRRuntimeHelpers.java:1143)
	at org.jruby.ir.targets.InstanceSuperInvokeSite.invoke(InstanceSuperInvokeSite.java:39)
	at opt.logstash.logstash_minus_core.lib.logstash.runner.RUBY$method$run$0(/opt/logstash/logstash-core/lib/logstash/runner.rb:242)
	at opt.logstash.logstash_minus_core.lib.logstash.runner.RUBY$method$run$0$__VARARGS__(/opt/logstash/logstash-core/lib/logstash/runner.rb)
	at org.jruby.internal.runtime.methods.CompiledIRMethod.call(CompiledIRMethod.java:91)
	at org.jruby.internal.runtime.methods.MixedModeIRMethod.call(MixedModeIRMethod.java:90)
	at org.jruby.ir.targets.InvokeSite.invoke(InvokeSite.java:183)
	at opt.logstash.vendor.bundle.jruby.$2_dot_5_dot_0.gems.clamp_minus_0_dot_6_dot_5.lib.clamp.command.RUBY$method$run$0(/opt/logstash/vendor/bundle/jruby/2.5.0/gems/clamp-0.6.5/lib/clamp/command.rb:132)
	at org.jruby.internal.runtime.methods.CompiledIRMethod.call(CompiledIRMethod.java:91)
	at org.jruby.internal.runtime.methods.MixedModeIRMethod.call(MixedModeIRMethod.java:90)
	at org.jruby.ir.targets.InvokeSite.invoke(InvokeSite.java:183)
	at opt.logstash.lib.bootstrap.environment.RUBY$script(/opt/logstash/lib/bootstrap/environment.rb:73)
	at java.lang.invoke.MethodHandle.invokeWithArguments(MethodHandle.java:627)
	at org.jruby.ir.Compiler$1.load(Compiler.java:89)
	at org.jruby.Ruby.runScript(Ruby.java:854)
	at org.jruby.Ruby.runNormally(Ruby.java:777)
	at org.jruby.Ruby.runNormally(Ruby.java:795)
	at org.jruby.Ruby.runFromMain(Ruby.java:607)
	at org.logstash.Logstash.run(Logstash.java:102)
	at org.logstash.Logstash.main(Logstash.java:45)

2020-08-28 02:08:26,272 main ERROR Could not create plugin of type class org.apache.logging.log4j.core.appender.RollingFileAppender for element RollingFile: java.lang.IllegalStateException: ManagerFactory [org.apache.logging.log4j.core.appender.rolling.RollingFileManager$RollingFileManagerFactory@51a6af38] unable to create manager for [/var/log/logstash/logstash-slowlog-plain.log] with data [org.apache.logging.log4j.core.appender.rolling.RollingFileManager$FactoryData@1f234e35[pattern=/var/log/logstash/logstash-slowlog-plain-%d{yyyy-MM-dd}-%i.log.gz, append=true, bufferedIO=true, bufferSize=8192, policy=CompositeTriggeringPolicy(policies=[TimeBasedTriggeringPolicy(nextRolloverMillis=0, interval=1, modulate=true), SizeBasedTriggeringPolicy(size=104857600)]), strategy=DefaultRolloverStrategy(min=1, max=30, useMax=true), advertiseURI=null, layout=[%d{ISO8601}][%-5p][%-25c] %.10000m%n, filePermissions=null, fileOwner=null]] java.lang.IllegalStateException: ManagerFactory [org.apache.logging.log4j.core.appender.rolling.RollingFileManager$RollingFileManagerFactory@51a6af38] unable to create manager for [/var/log/logstash/logstash-slowlog-plain.log] with data [org.apache.logging.log4j.core.appender.rolling.RollingFileManager$FactoryData@1f234e35[pattern=/var/log/logstash/logstash-slowlog-plain-%d{yyyy-MM-dd}-%i.log.gz, append=true, bufferedIO=true, bufferSize=8192, policy=CompositeTriggeringPolicy(policies=[TimeBasedTriggeringPolicy(nextRolloverMillis=0, interval=1, modulate=true), SizeBasedTriggeringPolicy(size=104857600)]), strategy=DefaultRolloverStrategy(min=1, max=30, useMax=true), advertiseURI=null, layout=[%d{ISO8601}][%-5p][%-25c] %.10000m%n, filePermissions=null, fileOwner=null]]
	at org.apache.logging.log4j.core.appender.AbstractManager.getManager(AbstractManager.java:115)
	at org.apache.logging.log4j.core.appender.OutputStreamManager.getManager(OutputStreamManager.java:114)
	at org.apache.logging.log4j.core.appender.rolling.RollingFileManager.getFileManager(RollingFileManager.java:188)
	at org.apache.logging.log4j.core.appender.RollingFileAppender$Builder.build(RollingFileAppender.java:145)
	at org.apache.logging.log4j.core.appender.RollingFileAppender$Builder.build(RollingFileAppender.java:61)
	at org.apache.logging.log4j.core.config.plugins.util.PluginBuilder.build(PluginBuilder.java:123)
	at org.apache.logging.log4j.core.config.AbstractConfiguration.createPluginObject(AbstractConfiguration.java:959)
	at org.apache.logging.log4j.core.config.AbstractConfiguration.createConfiguration(AbstractConfiguration.java:899)
	at org.apache.logging.log4j.core.config.AbstractConfiguration.createConfiguration(AbstractConfiguration.java:891)
	at org.apache.logging.log4j.core.config.AbstractConfiguration.doConfigure(AbstractConfiguration.java:514)
	at org.apache.logging.log4j.core.config.AbstractConfiguration.initialize(AbstractConfiguration.java:238)
	at org.apache.logging.log4j.core.config.AbstractConfiguration.start(AbstractConfiguration.java:250)
	at org.apache.logging.log4j.core.LoggerContext.setConfiguration(LoggerContext.java:547)
	at org.apache.logging.log4j.core.LoggerContext.reconfigure(LoggerContext.java:619)
	at org.apache.logging.log4j.core.LoggerContext.setConfigLocation(LoggerContext.java:605)
	at org.logstash.log.LoggerExt.reconfigure(LoggerExt.java:160)
	at org.logstash.log.LoggerExt$INVOKER$s$1$0$reconfigure.call(LoggerExt$INVOKER$s$1$0$reconfigure.gen)
	at org.jruby.internal.runtime.methods.JavaMethod$JavaMethodN.call(JavaMethod.java:833)
	at org.jruby.ir.targets.InvokeSite.invoke(InvokeSite.java:183)
	at opt.logstash.logstash_minus_core.lib.logstash.runner.RUBY$method$execute$0(/opt/logstash/logstash-core/lib/logstash/runner.rb:262)
	at opt.logstash.logstash_minus_core.lib.logstash.runner.RUBY$method$execute$0$__VARARGS__(/opt/logstash/logstash-core/lib/logstash/runner.rb)
	at org.jruby.internal.runtime.methods.CompiledIRMethod.call(CompiledIRMethod.java:91)
	at org.jruby.internal.runtime.methods.MixedModeIRMethod.call(MixedModeIRMethod.java:90)
	at org.jruby.ir.targets.InvokeSite.invoke(InvokeSite.java:183)
	at opt.logstash.vendor.bundle.jruby.$2_dot_5_dot_0.gems.clamp_minus_0_dot_6_dot_5.lib.clamp.command.RUBY$method$run$0(/opt/logstash/vendor/bundle/jruby/2.5.0/gems/clamp-0.6.5/lib/clamp/command.rb:67)
	at opt.logstash.vendor.bundle.jruby.$2_dot_5_dot_0.gems.clamp_minus_0_dot_6_dot_5.lib.clamp.command.RUBY$method$run$0$__VARARGS__(/opt/logstash/vendor/bundle/jruby/2.5.0/gems/clamp-0.6.5/lib/clamp/command.rb)
	at org.jruby.internal.runtime.methods.CompiledIRMethod.call(CompiledIRMethod.java:91)
	at org.jruby.internal.runtime.methods.MixedModeIRMethod.call(MixedModeIRMethod.java:90)
	at org.jruby.ir.runtime.IRRuntimeHelpers.instanceSuper(IRRuntimeHelpers.java:1156)
	at org.jruby.ir.runtime.IRRuntimeHelpers.instanceSuperSplatArgs(IRRuntimeHelpers.java:1143)
	at org.jruby.ir.targets.InstanceSuperInvokeSite.invoke(InstanceSuperInvokeSite.java:39)
	at opt.logstash.logstash_minus_core.lib.logstash.runner.RUBY$method$run$0(/opt/logstash/logstash-core/lib/logstash/runner.rb:242)
	at opt.logstash.logstash_minus_core.lib.logstash.runner.RUBY$method$run$0$__VARARGS__(/opt/logstash/logstash-core/lib/logstash/runner.rb)
	at org.jruby.internal.runtime.methods.CompiledIRMethod.call(CompiledIRMethod.java:91)
	at org.jruby.internal.runtime.methods.MixedModeIRMethod.call(MixedModeIRMethod.java:90)
	at org.jruby.ir.targets.InvokeSite.invoke(InvokeSite.java:183)
	at opt.logstash.vendor.bundle.jruby.$2_dot_5_dot_0.gems.clamp_minus_0_dot_6_dot_5.lib.clamp.command.RUBY$method$run$0(/opt/logstash/vendor/bundle/jruby/2.5.0/gems/clamp-0.6.5/lib/clamp/command.rb:132)
	at org.jruby.internal.runtime.methods.CompiledIRMethod.call(CompiledIRMethod.java:91)
	at org.jruby.internal.runtime.methods.MixedModeIRMethod.call(MixedModeIRMethod.java:90)
	at org.jruby.ir.targets.InvokeSite.invoke(InvokeSite.java:183)
	at opt.logstash.lib.bootstrap.environment.RUBY$script(/opt/logstash/lib/bootstrap/environment.rb:73)
	at java.lang.invoke.MethodHandle.invokeWithArguments(MethodHandle.java:627)
	at org.jruby.ir.Compiler$1.load(Compiler.java:89)
	at org.jruby.Ruby.runScript(Ruby.java:854)
	at org.jruby.Ruby.runNormally(Ruby.java:777)
	at org.jruby.Ruby.runNormally(Ruby.java:795)
	at org.jruby.Ruby.runFromMain(Ruby.java:607)
	at org.logstash.Logstash.run(Logstash.java:102)
	at org.logstash.Logstash.main(Logstash.java:45)

2020-08-28 02:08:26,275 main ERROR Unable to invoke factory method in class org.apache.logging.log4j.core.appender.RollingFileAppender for element RollingFile: java.lang.IllegalStateException: No factory method found for class org.apache.logging.log4j.core.appender.RollingFileAppender java.lang.IllegalStateException: No factory method found for class org.apache.logging.log4j.core.appender.RollingFileAppender
	at org.apache.logging.log4j.core.config.plugins.util.PluginBuilder.findFactoryMethod(PluginBuilder.java:235)
	at org.apache.logging.log4j.core.config.plugins.util.PluginBuilder.build(PluginBuilder.java:135)
	at org.apache.logging.log4j.core.config.AbstractConfiguration.createPluginObject(AbstractConfiguration.java:959)
	at org.apache.logging.log4j.core.config.AbstractConfiguration.createConfiguration(AbstractConfiguration.java:899)
	at org.apache.logging.log4j.core.config.AbstractConfiguration.createConfiguration(AbstractConfiguration.java:891)
	at org.apache.logging.log4j.core.config.AbstractConfiguration.doConfigure(AbstractConfiguration.java:514)
	at org.apache.logging.log4j.core.config.AbstractConfiguration.initialize(AbstractConfiguration.java:238)
	at org.apache.logging.log4j.core.config.AbstractConfiguration.start(AbstractConfiguration.java:250)
	at org.apache.logging.log4j.core.LoggerContext.setConfiguration(LoggerContext.java:547)
	at org.apache.logging.log4j.core.LoggerContext.reconfigure(LoggerContext.java:619)
	at org.apache.logging.log4j.core.LoggerContext.setConfigLocation(LoggerContext.java:605)
	at org.logstash.log.LoggerExt.reconfigure(LoggerExt.java:160)
	at org.logstash.log.LoggerExt$INVOKER$s$1$0$reconfigure.call(LoggerExt$INVOKER$s$1$0$reconfigure.gen)
	at org.jruby.internal.runtime.methods.JavaMethod$JavaMethodN.call(JavaMethod.java:833)
	at org.jruby.ir.targets.InvokeSite.invoke(InvokeSite.java:183)
	at opt.logstash.logstash_minus_core.lib.logstash.runner.RUBY$method$execute$0(/opt/logstash/logstash-core/lib/logstash/runner.rb:262)
	at opt.logstash.logstash_minus_core.lib.logstash.runner.RUBY$method$execute$0$__VARARGS__(/opt/logstash/logstash-core/lib/logstash/runner.rb)
	at org.jruby.internal.runtime.methods.CompiledIRMethod.call(CompiledIRMethod.java:91)
	at org.jruby.internal.runtime.methods.MixedModeIRMethod.call(MixedModeIRMethod.java:90)
	at org.jruby.ir.targets.InvokeSite.invoke(InvokeSite.java:183)
	at opt.logstash.vendor.bundle.jruby.$2_dot_5_dot_0.gems.clamp_minus_0_dot_6_dot_5.lib.clamp.command.RUBY$method$run$0(/opt/logstash/vendor/bundle/jruby/2.5.0/gems/clamp-0.6.5/lib/clamp/command.rb:67)
	at opt.logstash.vendor.bundle.jruby.$2_dot_5_dot_0.gems.clamp_minus_0_dot_6_dot_5.lib.clamp.command.RUBY$method$run$0$__VARARGS__(/opt/logstash/vendor/bundle/jruby/2.5.0/gems/clamp-0.6.5/lib/clamp/command.rb)
	at org.jruby.internal.runtime.methods.CompiledIRMethod.call(CompiledIRMethod.java:91)
	at org.jruby.internal.runtime.methods.MixedModeIRMethod.call(MixedModeIRMethod.java:90)
	at org.jruby.ir.runtime.IRRuntimeHelpers.instanceSuper(IRRuntimeHelpers.java:1156)
	at org.jruby.ir.runtime.IRRuntimeHelpers.instanceSuperSplatArgs(IRRuntimeHelpers.java:1143)
	at org.jruby.ir.targets.InstanceSuperInvokeSite.invoke(InstanceSuperInvokeSite.java:39)
	at opt.logstash.logstash_minus_core.lib.logstash.runner.RUBY$method$run$0(/opt/logstash/logstash-core/lib/logstash/runner.rb:242)
	at opt.logstash.logstash_minus_core.lib.logstash.runner.RUBY$method$run$0$__VARARGS__(/opt/logstash/logstash-core/lib/logstash/runner.rb)
	at org.jruby.internal.runtime.methods.CompiledIRMethod.call(CompiledIRMethod.java:91)
	at org.jruby.internal.runtime.methods.MixedModeIRMethod.call(MixedModeIRMethod.java:90)
	at org.jruby.ir.targets.InvokeSite.invoke(InvokeSite.java:183)
	at opt.logstash.vendor.bundle.jruby.$2_dot_5_dot_0.gems.clamp_minus_0_dot_6_dot_5.lib.clamp.command.RUBY$method$run$0(/opt/logstash/vendor/bundle/jruby/2.5.0/gems/clamp-0.6.5/lib/clamp/command.rb:132)
	at org.jruby.internal.runtime.methods.CompiledIRMethod.call(CompiledIRMethod.java:91)
	at org.jruby.internal.runtime.methods.MixedModeIRMethod.call(MixedModeIRMethod.java:90)
	at org.jruby.ir.targets.InvokeSite.invoke(InvokeSite.java:183)
	at opt.logstash.lib.bootstrap.environment.RUBY$script(/opt/logstash/lib/bootstrap/environment.rb:73)
	at java.lang.invoke.MethodHandle.invokeWithArguments(MethodHandle.java:627)
	at org.jruby.ir.Compiler$1.load(Compiler.java:89)
	at org.jruby.Ruby.runScript(Ruby.java:854)
	at org.jruby.Ruby.runNormally(Ruby.java:777)
	at org.jruby.Ruby.runNormally(Ruby.java:795)
	at org.jruby.Ruby.runFromMain(Ruby.java:607)
	at org.logstash.Logstash.run(Logstash.java:102)
	at org.logstash.Logstash.main(Logstash.java:45)

2020-08-28 02:08:26,281 main ERROR Unable to create file /var/log/logstash/logstash-slowlog-plain.log java.io.IOException: Permission denied
	at java.io.UnixFileSystem.createFileExclusively(Native Method)
	at java.io.File.createNewFile(File.java:1012)
	at org.apache.logging.log4j.core.appender.rolling.RollingFileManager$RollingFileManagerFactory.createManager(RollingFileManager.java:628)
	at org.apache.logging.log4j.core.appender.rolling.RollingFileManager$RollingFileManagerFactory.createManager(RollingFileManager.java:608)
	at org.apache.logging.log4j.core.appender.AbstractManager.getManager(AbstractManager.java:113)
	at org.apache.logging.log4j.core.appender.OutputStreamManager.getManager(OutputStreamManager.java:114)
	at org.apache.logging.log4j.core.appender.rolling.RollingFileManager.getFileManager(RollingFileManager.java:188)
	at org.apache.logging.log4j.core.appender.RollingFileAppender$Builder.build(RollingFileAppender.java:145)
	at org.apache.logging.log4j.core.appender.RollingFileAppender$Builder.build(RollingFileAppender.java:61)
	at org.apache.logging.log4j.core.config.plugins.util.PluginBuilder.build(PluginBuilder.java:123)
	at org.apache.logging.log4j.core.config.AbstractConfiguration.createPluginObject(AbstractConfiguration.java:959)
	at org.apache.logging.log4j.core.config.AbstractConfiguration.createConfiguration(AbstractConfiguration.java:899)
	at org.apache.logging.log4j.core.config.AbstractConfiguration.createConfiguration(AbstractConfiguration.java:891)
	at org.apache.logging.log4j.core.config.AbstractConfiguration.doConfigure(AbstractConfiguration.java:514)
	at org.apache.logging.log4j.core.config.AbstractConfiguration.initialize(AbstractConfiguration.java:238)
	at org.apache.logging.log4j.core.config.AbstractConfiguration.start(AbstractConfiguration.java:250)
	at org.apache.logging.log4j.core.LoggerContext.setConfiguration(LoggerContext.java:547)
	at org.apache.logging.log4j.core.LoggerContext.reconfigure(LoggerContext.java:619)
	at org.apache.logging.log4j.core.LoggerContext.setConfigLocation(LoggerContext.java:605)
	at org.logstash.log.LoggerExt.reconfigure(LoggerExt.java:160)
	at org.logstash.log.LoggerExt$INVOKER$s$1$0$reconfigure.call(LoggerExt$INVOKER$s$1$0$reconfigure.gen)
	at org.jruby.internal.runtime.methods.JavaMethod$JavaMethodN.call(JavaMethod.java:833)
	at org.jruby.ir.targets.InvokeSite.invoke(InvokeSite.java:183)
	at opt.logstash.logstash_minus_core.lib.logstash.runner.RUBY$method$execute$0(/opt/logstash/logstash-core/lib/logstash/runner.rb:262)
	at opt.logstash.logstash_minus_core.lib.logstash.runner.RUBY$method$execute$0$__VARARGS__(/opt/logstash/logstash-core/lib/logstash/runner.rb)
	at org.jruby.internal.runtime.methods.CompiledIRMethod.call(CompiledIRMethod.java:91)
	at org.jruby.internal.runtime.methods.MixedModeIRMethod.call(MixedModeIRMethod.java:90)
	at org.jruby.ir.targets.InvokeSite.invoke(InvokeSite.java:183)
	at opt.logstash.vendor.bundle.jruby.$2_dot_5_dot_0.gems.clamp_minus_0_dot_6_dot_5.lib.clamp.command.RUBY$method$run$0(/opt/logstash/vendor/bundle/jruby/2.5.0/gems/clamp-0.6.5/lib/clamp/command.rb:67)
	at opt.logstash.vendor.bundle.jruby.$2_dot_5_dot_0.gems.clamp_minus_0_dot_6_dot_5.lib.clamp.command.RUBY$method$run$0$__VARARGS__(/opt/logstash/vendor/bundle/jruby/2.5.0/gems/clamp-0.6.5/lib/clamp/command.rb)
	at org.jruby.internal.runtime.methods.CompiledIRMethod.call(CompiledIRMethod.java:91)
	at org.jruby.internal.runtime.methods.MixedModeIRMethod.call(MixedModeIRMethod.java:90)
	at org.jruby.ir.runtime.IRRuntimeHelpers.instanceSuper(IRRuntimeHelpers.java:1156)
	at org.jruby.ir.runtime.IRRuntimeHelpers.instanceSuperSplatArgs(IRRuntimeHelpers.java:1143)
	at org.jruby.ir.targets.InstanceSuperInvokeSite.invoke(InstanceSuperInvokeSite.java:39)
	at opt.logstash.logstash_minus_core.lib.logstash.runner.RUBY$method$run$0(/opt/logstash/logstash-core/lib/logstash/runner.rb:242)
	at opt.logstash.logstash_minus_core.lib.logstash.runner.RUBY$method$run$0$__VARARGS__(/opt/logstash/logstash-core/lib/logstash/runner.rb)
	at org.jruby.internal.runtime.methods.CompiledIRMethod.call(CompiledIRMethod.java:91)
	at org.jruby.internal.runtime.methods.MixedModeIRMethod.call(MixedModeIRMethod.java:90)
	at org.jruby.ir.targets.InvokeSite.invoke(InvokeSite.java:183)
	at opt.logstash.vendor.bundle.jruby.$2_dot_5_dot_0.gems.clamp_minus_0_dot_6_dot_5.lib.clamp.command.RUBY$method$run$0(/opt/logstash/vendor/bundle/jruby/2.5.0/gems/clamp-0.6.5/lib/clamp/command.rb:132)
	at org.jruby.internal.runtime.methods.CompiledIRMethod.call(CompiledIRMethod.java:91)
	at org.jruby.internal.runtime.methods.MixedModeIRMethod.call(MixedModeIRMethod.java:90)
	at org.jruby.ir.targets.InvokeSite.invoke(InvokeSite.java:183)
	at opt.logstash.lib.bootstrap.environment.RUBY$script(/opt/logstash/lib/bootstrap/environment.rb:73)
	at java.lang.invoke.MethodHandle.invokeWithArguments(MethodHandle.java:627)
	at org.jruby.ir.Compiler$1.load(Compiler.java:89)
	at org.jruby.Ruby.runScript(Ruby.java:854)
	at org.jruby.Ruby.runNormally(Ruby.java:777)
	at org.jruby.Ruby.runNormally(Ruby.java:795)
	at org.jruby.Ruby.runFromMain(Ruby.java:607)
	at org.logstash.Logstash.run(Logstash.java:102)
	at org.logstash.Logstash.main(Logstash.java:45)

2020-08-28 02:08:26,286 main ERROR Could not create plugin of type class org.apache.logging.log4j.core.appender.RollingFileAppender for element RollingFile: java.lang.IllegalStateException: ManagerFactory [org.apache.logging.log4j.core.appender.rolling.RollingFileManager$RollingFileManagerFactory@51a6af38] unable to create manager for [/var/log/logstash/logstash-slowlog-plain.log] with data [org.apache.logging.log4j.core.appender.rolling.RollingFileManager$FactoryData@2461b519[pattern=/var/log/logstash/logstash-slowlog-plain-%d{yyyy-MM-dd}-%i.log.gz, append=true, bufferedIO=true, bufferSize=8192, policy=CompositeTriggeringPolicy(policies=[TimeBasedTriggeringPolicy(nextRolloverMillis=0, interval=1, modulate=true), SizeBasedTriggeringPolicy(size=104857600)]), strategy=DefaultRolloverStrategy(min=1, max=30, useMax=true), advertiseURI=null, layout=org.apache.logging.log4j.core.layout.JsonLayout@361d56a3, filePermissions=null, fileOwner=null]] java.lang.IllegalStateException: ManagerFactory [org.apache.logging.log4j.core.appender.rolling.RollingFileManager$RollingFileManagerFactory@51a6af38] unable to create manager for [/var/log/logstash/logstash-slowlog-plain.log] with data [org.apache.logging.log4j.core.appender.rolling.RollingFileManager$FactoryData@2461b519[pattern=/var/log/logstash/logstash-slowlog-plain-%d{yyyy-MM-dd}-%i.log.gz, append=true, bufferedIO=true, bufferSize=8192, policy=CompositeTriggeringPolicy(policies=[TimeBasedTriggeringPolicy(nextRolloverMillis=0, interval=1, modulate=true), SizeBasedTriggeringPolicy(size=104857600)]), strategy=DefaultRolloverStrategy(min=1, max=30, useMax=true), advertiseURI=null, layout=org.apache.logging.log4j.core.layout.JsonLayout@361d56a3, filePermissions=null, fileOwner=null]]
	at org.apache.logging.log4j.core.appender.AbstractManager.getManager(AbstractManager.java:115)
	at org.apache.logging.log4j.core.appender.OutputStreamManager.getManager(OutputStreamManager.java:114)
	at org.apache.logging.log4j.core.appender.rolling.RollingFileManager.getFileManager(RollingFileManager.java:188)
	at org.apache.logging.log4j.core.appender.RollingFileAppender$Builder.build(RollingFileAppender.java:145)
	at org.apache.logging.log4j.core.appender.RollingFileAppender$Builder.build(RollingFileAppender.java:61)
	at org.apache.logging.log4j.core.config.plugins.util.PluginBuilder.build(PluginBuilder.java:123)
	at org.apache.logging.log4j.core.config.AbstractConfiguration.createPluginObject(AbstractConfiguration.java:959)
	at org.apache.logging.log4j.core.config.AbstractConfiguration.createConfiguration(AbstractConfiguration.java:899)
	at org.apache.logging.log4j.core.config.AbstractConfiguration.createConfiguration(AbstractConfiguration.java:891)
	at org.apache.logging.log4j.core.config.AbstractConfiguration.doConfigure(AbstractConfiguration.java:514)
	at org.apache.logging.log4j.core.config.AbstractConfiguration.initialize(AbstractConfiguration.java:238)
	at org.apache.logging.log4j.core.config.AbstractConfiguration.start(AbstractConfiguration.java:250)
	at org.apache.logging.log4j.core.LoggerContext.setConfiguration(LoggerContext.java:547)
	at org.apache.logging.log4j.core.LoggerContext.reconfigure(LoggerContext.java:619)
	at org.apache.logging.log4j.core.LoggerContext.setConfigLocation(LoggerContext.java:605)
	at org.logstash.log.LoggerExt.reconfigure(LoggerExt.java:160)
	at org.logstash.log.LoggerExt$INVOKER$s$1$0$reconfigure.call(LoggerExt$INVOKER$s$1$0$reconfigure.gen)
	at org.jruby.internal.runtime.methods.JavaMethod$JavaMethodN.call(JavaMethod.java:833)
	at org.jruby.ir.targets.InvokeSite.invoke(InvokeSite.java:183)
	at opt.logstash.logstash_minus_core.lib.logstash.runner.RUBY$method$execute$0(/opt/logstash/logstash-core/lib/logstash/runner.rb:262)
	at opt.logstash.logstash_minus_core.lib.logstash.runner.RUBY$method$execute$0$__VARARGS__(/opt/logstash/logstash-core/lib/logstash/runner.rb)
	at org.jruby.internal.runtime.methods.CompiledIRMethod.call(CompiledIRMethod.java:91)
	at org.jruby.internal.runtime.methods.MixedModeIRMethod.call(MixedModeIRMethod.java:90)
	at org.jruby.ir.targets.InvokeSite.invoke(InvokeSite.java:183)
	at opt.logstash.vendor.bundle.jruby.$2_dot_5_dot_0.gems.clamp_minus_0_dot_6_dot_5.lib.clamp.command.RUBY$method$run$0(/opt/logstash/vendor/bundle/jruby/2.5.0/gems/clamp-0.6.5/lib/clamp/command.rb:67)
	at opt.logstash.vendor.bundle.jruby.$2_dot_5_dot_0.gems.clamp_minus_0_dot_6_dot_5.lib.clamp.command.RUBY$method$run$0$__VARARGS__(/opt/logstash/vendor/bundle/jruby/2.5.0/gems/clamp-0.6.5/lib/clamp/command.rb)
	at org.jruby.internal.runtime.methods.CompiledIRMethod.call(CompiledIRMethod.java:91)
	at org.jruby.internal.runtime.methods.MixedModeIRMethod.call(MixedModeIRMethod.java:90)
	at org.jruby.ir.runtime.IRRuntimeHelpers.instanceSuper(IRRuntimeHelpers.java:1156)
	at org.jruby.ir.runtime.IRRuntimeHelpers.instanceSuperSplatArgs(IRRuntimeHelpers.java:1143)
	at org.jruby.ir.targets.InstanceSuperInvokeSite.invoke(InstanceSuperInvokeSite.java:39)
	at opt.logstash.logstash_minus_core.lib.logstash.runner.RUBY$method$run$0(/opt/logstash/logstash-core/lib/logstash/runner.rb:242)
	at opt.logstash.logstash_minus_core.lib.logstash.runner.RUBY$method$run$0$__VARARGS__(/opt/logstash/logstash-core/lib/logstash/runner.rb)
	at org.jruby.internal.runtime.methods.CompiledIRMethod.call(CompiledIRMethod.java:91)
	at org.jruby.internal.runtime.methods.MixedModeIRMethod.call(MixedModeIRMethod.java:90)
	at org.jruby.ir.targets.InvokeSite.invoke(InvokeSite.java:183)
	at opt.logstash.vendor.bundle.jruby.$2_dot_5_dot_0.gems.clamp_minus_0_dot_6_dot_5.lib.clamp.command.RUBY$method$run$0(/opt/logstash/vendor/bundle/jruby/2.5.0/gems/clamp-0.6.5/lib/clamp/command.rb:132)
	at org.jruby.internal.runtime.methods.CompiledIRMethod.call(CompiledIRMethod.java:91)
	at org.jruby.internal.runtime.methods.MixedModeIRMethod.call(MixedModeIRMethod.java:90)
	at org.jruby.ir.targets.InvokeSite.invoke(InvokeSite.java:183)
	at opt.logstash.lib.bootstrap.environment.RUBY$script(/opt/logstash/lib/bootstrap/environment.rb:73)
	at java.lang.invoke.MethodHandle.invokeWithArguments(MethodHandle.java:627)
	at org.jruby.ir.Compiler$1.load(Compiler.java:89)
	at org.jruby.Ruby.runScript(Ruby.java:854)
	at org.jruby.Ruby.runNormally(Ruby.java:777)
	at org.jruby.Ruby.runNormally(Ruby.java:795)
	at org.jruby.Ruby.runFromMain(Ruby.java:607)
	at org.logstash.Logstash.run(Logstash.java:102)
	at org.logstash.Logstash.main(Logstash.java:45)

2020-08-28 02:08:26,289 main ERROR Unable to invoke factory method in class org.apache.logging.log4j.core.appender.RollingFileAppender for element RollingFile: java.lang.IllegalStateException: No factory method found for class org.apache.logging.log4j.core.appender.RollingFileAppender java.lang.IllegalStateException: No factory method found for class org.apache.logging.log4j.core.appender.RollingFileAppender
	at org.apache.logging.log4j.core.config.plugins.util.PluginBuilder.findFactoryMethod(PluginBuilder.java:235)
	at org.apache.logging.log4j.core.config.plugins.util.PluginBuilder.build(PluginBuilder.java:135)
	at org.apache.logging.log4j.core.config.AbstractConfiguration.createPluginObject(AbstractConfiguration.java:959)
	at org.apache.logging.log4j.core.config.AbstractConfiguration.createConfiguration(AbstractConfiguration.java:899)
	at org.apache.logging.log4j.core.config.AbstractConfiguration.createConfiguration(AbstractConfiguration.java:891)
	at org.apache.logging.log4j.core.config.AbstractConfiguration.doConfigure(AbstractConfiguration.java:514)
	at org.apache.logging.log4j.core.config.AbstractConfiguration.initialize(AbstractConfiguration.java:238)
	at org.apache.logging.log4j.core.config.AbstractConfiguration.start(AbstractConfiguration.java:250)
	at org.apache.logging.log4j.core.LoggerContext.setConfiguration(LoggerContext.java:547)
	at org.apache.logging.log4j.core.LoggerContext.reconfigure(LoggerContext.java:619)
	at org.apache.logging.log4j.core.LoggerContext.setConfigLocation(LoggerContext.java:605)
	at org.logstash.log.LoggerExt.reconfigure(LoggerExt.java:160)
	at org.logstash.log.LoggerExt$INVOKER$s$1$0$reconfigure.call(LoggerExt$INVOKER$s$1$0$reconfigure.gen)
	at org.jruby.internal.runtime.methods.JavaMethod$JavaMethodN.call(JavaMethod.java:833)
	at org.jruby.ir.targets.InvokeSite.invoke(InvokeSite.java:183)
	at opt.logstash.logstash_minus_core.lib.logstash.runner.RUBY$method$execute$0(/opt/logstash/logstash-core/lib/logstash/runner.rb:262)
	at opt.logstash.logstash_minus_core.lib.logstash.runner.RUBY$method$execute$0$__VARARGS__(/opt/logstash/logstash-core/lib/logstash/runner.rb)
	at org.jruby.internal.runtime.methods.CompiledIRMethod.call(CompiledIRMethod.java:91)
	at org.jruby.internal.runtime.methods.MixedModeIRMethod.call(MixedModeIRMethod.java:90)
	at org.jruby.ir.targets.InvokeSite.invoke(InvokeSite.java:183)
	at opt.logstash.vendor.bundle.jruby.$2_dot_5_dot_0.gems.clamp_minus_0_dot_6_dot_5.lib.clamp.command.RUBY$method$run$0(/opt/logstash/vendor/bundle/jruby/2.5.0/gems/clamp-0.6.5/lib/clamp/command.rb:67)
	at opt.logstash.vendor.bundle.jruby.$2_dot_5_dot_0.gems.clamp_minus_0_dot_6_dot_5.lib.clamp.command.RUBY$method$run$0$__VARARGS__(/opt/logstash/vendor/bundle/jruby/2.5.0/gems/clamp-0.6.5/lib/clamp/command.rb)
	at org.jruby.internal.runtime.methods.CompiledIRMethod.call(CompiledIRMethod.java:91)
	at org.jruby.internal.runtime.methods.MixedModeIRMethod.call(MixedModeIRMethod.java:90)
	at org.jruby.ir.runtime.IRRuntimeHelpers.instanceSuper(IRRuntimeHelpers.java:1156)
	at org.jruby.ir.runtime.IRRuntimeHelpers.instanceSuperSplatArgs(IRRuntimeHelpers.java:1143)
	at org.jruby.ir.targets.InstanceSuperInvokeSite.invoke(InstanceSuperInvokeSite.java:39)
	at opt.logstash.logstash_minus_core.lib.logstash.runner.RUBY$method$run$0(/opt/logstash/logstash-core/lib/logstash/runner.rb:242)
	at opt.logstash.logstash_minus_core.lib.logstash.runner.RUBY$method$run$0$__VARARGS__(/opt/logstash/logstash-core/lib/logstash/runner.rb)
	at org.jruby.internal.runtime.methods.CompiledIRMethod.call(CompiledIRMethod.java:91)
	at org.jruby.internal.runtime.methods.MixedModeIRMethod.call(MixedModeIRMethod.java:90)
	at org.jruby.ir.targets.InvokeSite.invoke(InvokeSite.java:183)
	at opt.logstash.vendor.bundle.jruby.$2_dot_5_dot_0.gems.clamp_minus_0_dot_6_dot_5.lib.clamp.command.RUBY$method$run$0(/opt/logstash/vendor/bundle/jruby/2.5.0/gems/clamp-0.6.5/lib/clamp/command.rb:132)
	at org.jruby.internal.runtime.methods.CompiledIRMethod.call(CompiledIRMethod.java:91)
	at org.jruby.internal.runtime.methods.MixedModeIRMethod.call(MixedModeIRMethod.java:90)
	at org.jruby.ir.targets.InvokeSite.invoke(InvokeSite.java:183)
	at opt.logstash.lib.bootstrap.environment.RUBY$script(/opt/logstash/lib/bootstrap/environment.rb:73)
	at java.lang.invoke.MethodHandle.invokeWithArguments(MethodHandle.java:627)
	at org.jruby.ir.Compiler$1.load(Compiler.java:89)
	at org.jruby.Ruby.runScript(Ruby.java:854)
	at org.jruby.Ruby.runNormally(Ruby.java:777)
	at org.jruby.Ruby.runNormally(Ruby.java:795)
	at org.jruby.Ruby.runFromMain(Ruby.java:607)
	at org.logstash.Logstash.run(Logstash.java:102)
	at org.logstash.Logstash.main(Logstash.java:45)

2020-08-28 02:08:26,294 main ERROR Null object returned for RollingFile in Appenders.
2020-08-28 02:08:26,294 main ERROR Null object returned for RollingFile in Appenders.
2020-08-28 02:08:26,294 main ERROR Unable to locate appender "plain_rolling_slowlog" for logger config "slowlog"
[2020-08-28T02:08:26,407][INFO ][logstash.setting.writabledirectory] Creating directory {:setting=>"path.queue", :path=>"/opt/logstash/data/queue"}
[2020-08-28T02:08:26,459][INFO ][logstash.setting.writabledirectory] Creating directory {:setting=>"path.dead_letter_queue", :path=>"/opt/logstash/data/dead_letter_queue"}
[2020-08-28T02:08:27,188][INFO ][logstash.runner          ] Starting Logstash {"logstash.version"=>"7.4.0"}
[2020-08-28T02:08:27,224][INFO ][logstash.agent           ] No persistent UUID file found. Generating new UUID {:uuid=>"b85e37f1-e168-481e-ae31-355ef14f78e6", :path=>"/opt/logstash/data/uuid"}
[2020-08-28T02:08:29,388][INFO ][org.reflections.Reflections] Reflections took 58 ms to scan 1 urls, producing 20 keys and 40 values 
[2020-08-28T02:08:30,421][INFO ][logstash.outputs.elasticsearch][main] Elasticsearch pool URLs updated {:changes=>{:removed=>[], :added=>[http://localhost:9200/]}}
[2020-08-28T02:08:30,635][WARN ][logstash.outputs.elasticsearch][main] Restored connection to ES instance {:url=>"http://localhost:9200/"}
[2020-08-28T02:08:30,715][INFO ][logstash.outputs.elasticsearch][main] ES Output version determined {:es_version=>7}
[2020-08-28T02:08:30,717][WARN ][logstash.outputs.elasticsearch][main] Detected a 6.x and above cluster: the `type` event field won't be used to determine the document _type {:es_version=>7}
[2020-08-28T02:08:30,774][INFO ][logstash.outputs.elasticsearch][main] New Elasticsearch output {:class=>"LogStash::Outputs::ElasticSearch", :hosts=>["//localhost"]}
[2020-08-28T02:08:30,935][INFO ][logstash.outputs.elasticsearch][main] Using default mapping template
[2020-08-28T02:08:30,947][WARN ][org.logstash.instrument.metrics.gauge.LazyDelegatingGauge][main] A gauge metric of an unknown type (org.jruby.specialized.RubyArrayOneObject) has been create for key: cluster_uuids. This may result in invalid serialization.  It is recommended to log an issue to the responsible developer/development team.
[2020-08-28T02:08:31,039][INFO ][logstash.javapipeline    ][main] Starting pipeline {:pipeline_id=>"main", "pipeline.workers"=>4, "pipeline.batch.size"=>125, "pipeline.batch.delay"=>50, "pipeline.max_inflight"=>500, :thread=>"#<Thread:0x2d2345ab run>"}
[2020-08-28T02:08:31,234][INFO ][logstash.outputs.elasticsearch][main] Attempting to install template {:manage_template=>{"index_patterns"=>"logstash-*", "version"=>60001, "settings"=>{"index.refresh_interval"=>"5s", "number_of_shards"=>1, "index.lifecycle.name"=>"logstash-policy", "index.lifecycle.rollover_alias"=>"logstash"}, "mappings"=>{"dynamic_templates"=>[{"message_field"=>{"path_match"=>"message", "match_mapping_type"=>"string", "mapping"=>{"type"=>"text", "norms"=>false}}}, {"string_fields"=>{"match"=>"*", "match_mapping_type"=>"string", "mapping"=>{"type"=>"text", "norms"=>false, "fields"=>{"keyword"=>{"type"=>"keyword", "ignore_above"=>256}}}}}], "properties"=>{"@timestamp"=>{"type"=>"date"}, "@version"=>{"type"=>"keyword"}, "geoip"=>{"dynamic"=>true, "properties"=>{"ip"=>{"type"=>"ip"}, "location"=>{"type"=>"geo_point"}, "latitude"=>{"type"=>"half_float"}, "longitude"=>{"type"=>"half_float"}}}}}}}
[2020-08-28T02:08:31,281][INFO ][logstash.outputs.elasticsearch][main] Installing elasticsearch template to _template/logstash
[2020-08-28T02:08:31,600][INFO ][logstash.javapipeline    ][main] Pipeline started {"pipeline.id"=>"main"}
[2020-08-28T02:08:31,713][INFO ][logstash.inputs.tcp      ][main] Starting tcp input listener {:address=>"0.0.0.0:5044", :ssl_enable=>"false"}
[2020-08-28T02:08:31,873][INFO ][logstash.agent           ] Pipelines running {:count=>1, :running_pipelines=>[:main], :non_running_pipelines=>[]}
[2020-08-28T02:08:32,091][INFO ][logstash.outputs.elasticsearch][main] Creating rollover alias <logstash-{now/d}-000001>
[2020-08-28T02:08:32,644][INFO ][logstash.agent           ] Successfully started Logstash API endpoint {:port=>9600}
[2020-08-28T02:08:32,913][INFO ][logstash.outputs.elasticsearch][main] Installing ILM policy {"policy"=>{"phases"=>{"hot"=>{"actions"=>{"rollover"=>{"max_size"=>"50gb", "max_age"=>"30d"}}}}}} to _ilm/policy/logstash-policy
[2020-08-28T02:09:03,554][ERROR][logstash.codecs.json     ][main] JSON parse error, original data now in message field {:error=>#<LogStash::Json::ParserError: Unrecognized token 'PUT': was expecting ('true', 'false' or 'null')
 at [Source: (String)"PUT /test HTTP/1.1
User-Agent: curl/7.29.0
Host: 127.0.0.1:5044
Accept: */*
content-type: application/json
Content-Length: 53

{ "name" : "troy", "pwd" : "ä»å¤©åè¹æåäº " }"; line: 1, column: 4]>, :data=>"PUT /test HTTP/1.1\r\nUser-Agent: curl/7.29.0\r\nHost: 127.0.0.1:5044\r\nAccept: */*\r\ncontent-type: application/json\r\nContent-Length: 53\r\n\r\n{ \"name\" : \"troy\", \"pwd\" : \"今天发苹果吃了 \" }"}
[2020-08-28T02:09:21,638][ERROR][logstash.codecs.json     ][main] JSON parse error, original data now in message field {:error=>#<LogStash::Json::ParserError: Unrecognized token 'PUT': was expecting ('true', 'false' or 'null')
 at [Source: (String)"PUT /test HTTP/1.1
User-Agent: curl/7.29.0
Host: 127.0.0.1:5044
Accept: */*
content-type: application/json
Content-Length: 53

{ "name" : "troy", "pwd" : "ä»å¤©åè¹æè¥¿ç " }"; line: 1, column: 4]>, :data=>"PUT /test HTTP/1.1\r\nUser-Agent: curl/7.29.0\r\nHost: 127.0.0.1:5044\r\nAccept: */*\r\ncontent-type: application/json\r\nContent-Length: 53\r\n\r\n{ \"name\" : \"troy\", \"pwd\" : \"今天发苹果西瓜 \" }"}
[2020-08-28T02:18:27,285][ERROR][logstash.codecs.json     ][main] JSON parse error, original data now in message field {:error=>#<LogStash::Json::ParserError: Unexpected end-of-input in field name
 at [Source: (String)"{"host":"www.gosdwan.com","upstream_connect_time":"0.011","status":"200","bytes_sent":"59213","request_start_time":"2020-08-28 11:07:11","upstream_addr":"127.0.0.1:4443","headers":{"host":"www.gosdwan.com","connection":"keep-alive","sec-fetch-site":"cross-site","upgrade-insecure-requests":"1","cache-control":"max-age=0","sec-fetch-mode":"navigate","accept-encoding":"gzip, deflate, br","user-agent":"Mozilla\/5.0 (Macintosh; Intel Mac OS X 10_14_6) AppleWebKit\/537.36 (KHTML, like Gecko) Chrome\/8"[truncated 524 chars]; line: 1, column: 2049]>, :data=>"{\"host\":\"www.gosdwan.com\",\"upstream_connect_time\":\"0.011\",\"status\":\"200\",\"bytes_sent\":\"59213\",\"request_start_time\":\"2020-08-28 11:07:11\",\"upstream_addr\":\"127.0.0.1:4443\",\"headers\":{\"host\":\"www.gosdwan.com\",\"connection\":\"keep-alive\",\"sec-fetch-site\":\"cross-site\",\"upgrade-insecure-requests\":\"1\",\"cache-control\":\"max-age=0\",\"sec-fetch-mode\":\"navigate\",\"accept-encoding\":\"gzip, deflate, br\",\"user-agent\":\"Mozilla\\/5.0 (Macintosh; Intel Mac OS X 10_14_6) AppleWebKit\\/537.36 (KHTML, like Gecko) Chrome\\/84.0.4147.135 Safari\\/537.36\",\"cookie\":\"Hm_lvt_26256c2cf87138576b62e00b88ab282e=1597852483; Hm_lpvt_26256c2cf87138576b62e00b88ab282e=1598146799\",\"accept-language\":\"zh-CN,zh;q=0.9\",\"sec-fetch-dest\":\"document\",\"accept\":\"text\\/html,application\\/xhtml+xml,application\\/xml;q=0.9,image\\/webp,image\\/apng,*\\/*;q=0.8,application\\/signed-exchange;v=b3;q=0.9\"},\"log_type\":\"access_log\",\"query_string\":\"\",\"upstream_bytes_received\":\"59114\",\"request_time\":\"0.145\",\"upstream_status\":\"200\",\"method\":\"GET\",\"upstream_bytes_sent\":\"703\",\"upstre"}
[2020-08-28T02:18:27,288][ERROR][logstash.codecs.json     ][main] JSON parse error, original data now in message field {:error=>#<LogStash::Json::ParserError: Unrecognized token 'am_response_time': was expecting ('true', 'false' or 'null')
 at [Source: (String)"am_response_time":"0.142","access_info":"bypass_request","remote_addr":"34.92.163.44","version":"1.1","uuid":"eb0bbffc-27a1-44fd-9cd7-46c2dfb00dc2","uri":"\/","access_type":"jxcheck_protection","scheme":"https","body":"","xxf_addr":"34.92.163.44"}
"; line: 1, column: 17]>, :data=>"am_response_time\":\"0.142\",\"access_info\":\"bypass_request\",\"remote_addr\":\"34.92.163.44\",\"version\":\"1.1\",\"uuid\":\"eb0bbffc-27a1-44fd-9cd7-46c2dfb00dc2\",\"uri\":\"\\/\",\"access_type\":\"jxcheck_protection\",\"scheme\":\"https\",\"body\":\"\",\"xxf_addr\":\"34.92.163.44\"}\r\n"}
[2020-08-28T02:18:30,290][ERROR][logstash.codecs.json     ][main] JSON parse error, original data now in message field {:error=>#<LogStash::Json::ParserError: Unexpected end-of-input: was expecting closing quote for a string value
 at [Source: (String)"{"host":"www.gosdwan.com","upstream_connect_time":"0.010","status":"200","bytes_sent":"5189","request_start_time":"2020-08-28 11:07:13","upstream_addr":"127.0.0.1:4443","headers":{"host":"www.gosdwan.com","connection":"keep-alive","sec-fetch-site":"same-origin","sec-fetch-dest":"style","sec-fetch-mode":"no-cors","accept-encoding":"gzip, deflate, br","user-agent":"Mozilla\/5.0 (Macintosh; Intel Mac OS X 10_14_6) AppleWebKit\/537.36 (KHTML, like Gecko) Chrome\/84.0.4147.135 Safari\/537.36","cookie"[truncated 524 chars]; line: 1, column: 2049]>, :data=>"{\"host\":\"www.gosdwan.com\",\"upstream_connect_time\":\"0.010\",\"status\":\"200\",\"bytes_sent\":\"5189\",\"request_start_time\":\"2020-08-28 11:07:13\",\"upstream_addr\":\"127.0.0.1:4443\",\"headers\":{\"host\":\"www.gosdwan.com\",\"connection\":\"keep-alive\",\"sec-fetch-site\":\"same-origin\",\"sec-fetch-dest\":\"style\",\"sec-fetch-mode\":\"no-cors\",\"accept-encoding\":\"gzip, deflate, br\",\"user-agent\":\"Mozilla\\/5.0 (Macintosh; Intel Mac OS X 10_14_6) AppleWebKit\\/537.36 (KHTML, like Gecko) Chrome\\/84.0.4147.135 Safari\\/537.36\",\"cookie\":\"Hm_lvt_26256c2cf87138576b62e00b88ab282e=1597852483; Hm_lpvt_26256c2cf87138576b62e00b88ab282e=1598146799\",\"accept-language\":\"zh-CN,zh;q=0.9\",\"referer\":\"https:\\/\\/www.gosdwan.com\\/\",\"accept\":\"text\\/css,*\\/*;q=0.1\"},\"log_type\":\"access_log\",\"query_string\":\"v=52\",\"upstream_bytes_received\":\"5171\",\"request_time\":\"0.011\",\"upstream_status\":\"200\",\"method\":\"GET\",\"upstream_bytes_sent\":\"621\",\"upstream_response_time\":\"0.010\",\"access_info\":\"bypass_request\",\"remote_addr\":\"34.92.163.44\",\"version\":\"1.1\",\"uuid\":\"ed5d59bd-1c4b-4067-a88"}
[2020-08-28T02:18:30,291][ERROR][logstash.codecs.json     ][main] JSON parse error, original data now in message field {:error=>#<LogStash::Json::ParserError: Unexpected character ('-' (code 45)): Expected space separating root-level values
 at [Source: (String)"2-1614e8e4b1ad","uri":"\/themes\/xinhang\/public\/assets\/css\/common.css","access_type":"jxcheck_protection","scheme":"https","body":"","xxf_addr":"34.92.163.44"}
"; line: 1, column: 3]>, :data=>"2-1614e8e4b1ad\",\"uri\":\"\\/themes\\/xinhang\\/public\\/assets\\/css\\/common.css\",\"access_type\":\"jxcheck_protection\",\"scheme\":\"https\",\"body\":\"\",\"xxf_addr\":\"34.92.163.44\"}\r\n"}
[2020-08-28T02:18:31,814][ERROR][logstash.codecs.json     ][main] JSON parse error, original data now in message field {:error=>#<LogStash::Json::ParserError: Unrecognized token 'ike': was expecting ('true', 'false' or 'null')
 at [Source: (String)"ike Gecko) Chrome\/84.0.4147.135 Safari\/537.36","cookie":"Hm_lvt_26256c2cf87138576b62e00b88ab282e=1597852483; Hm_lpvt_26256c2cf87138576b62e00b88ab282e=1598146799","accept-language":"zh-CN,zh;q=0.9","referer":"https:\/\/www.gosdwan.com\/","accept":"image\/webp,image\/apng,image\/*,*\/*;q=0.8"},"log_type":"access_log","query_string":"","upstream_bytes_received":"95428","request_time":"0.013","upstream_status":"200","method":"GET","upstream_bytes_sent":"654","upstream_response_time":"0.008","acces"[truncated 280 chars]; line: 1, column: 4]>, :data=>"ike Gecko) Chrome\\/84.0.4147.135 Safari\\/537.36\",\"cookie\":\"Hm_lvt_26256c2cf87138576b62e00b88ab282e=1597852483; Hm_lpvt_26256c2cf87138576b62e00b88ab282e=1598146799\",\"accept-language\":\"zh-CN,zh;q=0.9\",\"referer\":\"https:\\/\\/www.gosdwan.com\\/\",\"accept\":\"image\\/webp,image\\/apng,image\\/*,*\\/*;q=0.8\"},\"log_type\":\"access_log\",\"query_string\":\"\",\"upstream_bytes_received\":\"95428\",\"request_time\":\"0.013\",\"upstream_status\":\"200\",\"method\":\"GET\",\"upstream_bytes_sent\":\"654\",\"upstream_response_time\":\"0.008\",\"access_info\":\"bypass_request\",\"remote_addr\":\"34.92.163.44\",\"version\":\"1.1\",\"uuid\":\"704ca682-e39c-4012-be75-04be6b1bc3f1\",\"uri\":\"\\/upload\\/default\\/20200512\\/56de5fa35eecd950ab56b81e3f8a71a8.jpg\",\"access_type\":\"jxcheck_protection\",\"scheme\":\"https\",\"body\":\"\",\"xxf_addr\":\"34.92.163.44\"}\r\n"}
[2020-08-28T02:18:37,635][ERROR][logstash.codecs.json     ][main] JSON parse error, original data now in message field {:error=>#<LogStash::Json::ParserError: Unrecognized token 'od': was expecting ('true', 'false' or 'null')
 at [Source: (String)"od":"GET","upstream_bytes_sent":"654","upstream_response_time":"0.009","access_info":"bypass_request","remote_addr":"34.92.163.44","version":"1.1","uuid":"65899359-f7de-4b11-b97b-16d60c42b5a0","uri":"\/upload\/default\/20200405\/7b19ee057d82776788dcbbeb3931faee.png","access_type":"jxcheck_protection","scheme":"https","body":"","xxf_addr":"34.92.163.44"}
"; line: 1, column: 3]>, :data=>"od\":\"GET\",\"upstream_bytes_sent\":\"654\",\"upstream_response_time\":\"0.009\",\"access_info\":\"bypass_request\",\"remote_addr\":\"34.92.163.44\",\"version\":\"1.1\",\"uuid\":\"65899359-f7de-4b11-b97b-16d60c42b5a0\",\"uri\":\"\\/upload\\/default\\/20200405\\/7b19ee057d82776788dcbbeb3931faee.png\",\"access_type\":\"jxcheck_protection\",\"scheme\":\"https\",\"body\":\"\",\"xxf_addr\":\"34.92.163.44\"}\r\n"}
